<?xml version="1.0" encoding="UTF-8"?>
<!-- Generated by org.testng.reporters.JUnitReportReporter -->
<testsuite hostname="DESKTOP-P1S80C2" failures="0" tests="1" name="com.community.tests.LoginTest" time="26.361" errors="0" timestamp="2022-12-06T15:26:11 IST" skipped="0">
  <testcase classname="com.community.tests.LoginTest" name="login" time="26.361"/>
  <system-out/>
</testsuite> <!-- com.community.tests.LoginTest -->
