<?xml version="1.0" encoding="UTF-8"?>
<!-- Generated by org.testng.reporters.JUnitReportReporter -->
<testsuite hostname="LAPTOP-Q65146ER" failures="0" tests="1" name="com.community.tests.BaseClass" time="16.141" errors="0" timestamp="2022-11-17T20:32:24 IST" skipped="0">
  <testcase classname="com.community.tests.BaseClass" name="test" time="16.141"/>
  <system-out/>
</testsuite> <!-- com.community.tests.BaseClass -->
