<?xml version="1.0" encoding="UTF-8"?>
<!-- Generated by org.testng.reporters.JUnitReportReporter -->
<testsuite hostname="DESKTOP-P1S80C2" failures="0" tests="1" name="com.community.tests.LoginTest" time="16.602" errors="0" timestamp="2022-11-24T13:06:50 IST" skipped="0">
  <testcase classname="com.community.tests.LoginTest" name="login" time="16.602"/>
  <system-out/>
</testsuite> <!-- com.community.tests.LoginTest -->
