<?xml version="1.0" encoding="UTF-8"?>
<!-- Generated by org.testng.reporters.JUnitReportReporter -->
<testsuite hostname="DESKTOP-P1S80C2" failures="0" tests="1" name="com.community.tests.CommunityconversationTest" time="120.153" errors="0" timestamp="2022-12-06T22:30:53 IST" skipped="0">
  <testcase classname="com.community.tests.CommunityconversationTest" name="startConversation" time="120.153"/>
  <system-out/>
</testsuite> <!-- com.community.tests.CommunityconversationTest -->
