<?xml version="1.0" encoding="UTF-8"?>
<!-- Generated by org.testng.reporters.JUnitReportReporter -->
<testsuite hostname="DESKTOP-P1S80C2" failures="0" tests="1" name="com.community.tests.LoginTest" time="42.009" errors="0" timestamp="2022-12-01T00:38:24 IST" skipped="0">
  <testcase classname="com.community.tests.LoginTest" name="login" time="42.009"/>
  <system-out/>
</testsuite> <!-- com.community.tests.LoginTest -->
