<?xml version="1.0" encoding="UTF-8"?>
<!-- Generated by org.testng.reporters.JUnitReportReporter -->
<testsuite hostname="LAPTOP-Q65146ER" failures="0" tests="2" name="com.community.tests.LoginTest" time="24.270" errors="0" timestamp="2022-11-23T12:28:54 IST" skipped="0">
  <testcase classname="com.community.tests.LoginTest" name="login" time="9.902"/>
  <system-out/>
  <testcase classname="com.community.tests.LoginTest" name="login1" time="14.368"/>
  <system-out/>
</testsuite> <!-- com.community.tests.LoginTest -->
