<?xml version="1.0" encoding="UTF-8"?>
<!-- Generated by org.testng.reporters.JUnitReportReporter -->
<testsuite hostname="DESKTOP-P1S80C2" failures="0" tests="1" name="com.community.tests.LoginTest" time="31.662" errors="0" timestamp="2022-11-25T21:26:03 IST" skipped="0">
  <testcase classname="com.community.tests.LoginTest" name="login" time="31.662"/>
  <system-out/>
</testsuite> <!-- com.community.tests.LoginTest -->
